<?xml version="1.0" encoding="UTF-8"?>
<!-- Generated by org.testng.reporters.JUnitXMLReporter -->
<testsuite ignored="0" hostname="DESKTOP-CCNIRJ9" failures="0" tests="4" name="Default test" time="12.285" errors="0" timestamp="2021-08-25T15:07:14 IST">
  <testcase classname="api.AddUpdateGet" name="addPlace" time="3.189"/>
  <testcase classname="api.AddUpdateGet" name="updatePlace" time="3.195"/>
  <testcase classname="api.AddUpdateGet" name="getPlace" time="2.496"/>
  <testcase classname="api.AddUpdateGet" name="deletePlace" time="2.905"/>
</testsuite> <!-- Default test -->
