<?xml version="1.0" encoding="UTF-8"?>
<testng-results ignored="0" total="4" passed="4" failed="0" skipped="0">
  <reporter-output>
  </reporter-output>
  <suite started-at="2021-08-25T15:07:01 IST" name="Default suite" finished-at="2021-08-25T15:07:14 IST" duration-ms="12285">
    <groups>
    </groups>
    <test started-at="2021-08-25T15:07:01 IST" name="Default test" finished-at="2021-08-25T15:07:14 IST" duration-ms="12285">
      <class name="api.AddUpdateGet">
        <test-method is-config="true" signature="createReport()[pri:0, instance:api.AddUpdateGet@74751b3]" started-at="2021-08-25T15:07:01 IST" name="createReport" finished-at="2021-08-25T15:07:01 IST" duration-ms="163" status="PASS">
          <reporter-output>
          </reporter-output>
        </test-method> <!-- createReport -->
        <test-method is-config="true" signature="endTest()[pri:0, instance:api.AddUpdateGet@74751b3]" started-at="2021-08-25T15:07:01 IST" name="endTest" finished-at="2021-08-25T15:07:01 IST" duration-ms="0" status="PASS">
          <reporter-output>
          </reporter-output>
        </test-method> <!-- endTest -->
        <test-method signature="addPlace()[pri:0, instance:api.AddUpdateGet@74751b3]" started-at="2021-08-25T15:07:01 IST" name="addPlace" finished-at="2021-08-25T15:07:05 IST" duration-ms="3189" status="PASS">
          <reporter-output>
          </reporter-output>
        </test-method> <!-- addPlace -->
        <test-method is-config="true" signature="endTest()[pri:0, instance:api.AddUpdateGet@74751b3]" started-at="2021-08-25T15:07:05 IST" name="endTest" finished-at="2021-08-25T15:07:05 IST" duration-ms="2" status="PASS">
          <reporter-output>
          </reporter-output>
        </test-method> <!-- endTest -->
        <test-method signature="updatePlace()[pri:1, instance:api.AddUpdateGet@74751b3]" started-at="2021-08-25T15:07:05 IST" name="updatePlace" finished-at="2021-08-25T15:07:08 IST" duration-ms="3195" status="PASS">
          <reporter-output>
          </reporter-output>
        </test-method> <!-- updatePlace -->
        <test-method is-config="true" signature="endTest()[pri:0, instance:api.AddUpdateGet@74751b3]" started-at="2021-08-25T15:07:08 IST" name="endTest" finished-at="2021-08-25T15:07:08 IST" duration-ms="0" status="PASS">
          <reporter-output>
          </reporter-output>
        </test-method> <!-- endTest -->
        <test-method signature="getPlace()[pri:2, instance:api.AddUpdateGet@74751b3]" started-at="2021-08-25T15:07:08 IST" name="getPlace" finished-at="2021-08-25T15:07:10 IST" duration-ms="2496" status="PASS">
          <reporter-output>
          </reporter-output>
        </test-method> <!-- getPlace -->
        <test-method is-config="true" signature="endTest()[pri:0, instance:api.AddUpdateGet@74751b3]" started-at="2021-08-25T15:07:10 IST" name="endTest" finished-at="2021-08-25T15:07:10 IST" duration-ms="0" status="PASS">
          <reporter-output>
          </reporter-output>
        </test-method> <!-- endTest -->
        <test-method signature="deletePlace()[pri:3, instance:api.AddUpdateGet@74751b3]" started-at="2021-08-25T15:07:10 IST" name="deletePlace" finished-at="2021-08-25T15:07:13 IST" duration-ms="2905" status="PASS">
          <reporter-output>
          </reporter-output>
        </test-method> <!-- deletePlace -->
        <test-method is-config="true" signature="endReport()[pri:0, instance:api.AddUpdateGet@74751b3]" started-at="2021-08-25T15:07:13 IST" name="endReport" finished-at="2021-08-25T15:07:14 IST" duration-ms="299" status="PASS">
          <reporter-output>
          </reporter-output>
        </test-method> <!-- endReport -->
      </class> <!-- api.AddUpdateGet -->
    </test> <!-- Default test -->
  </suite> <!-- Default suite -->
</testng-results>
